Start testing: May 25 00:20 Eastern Daylight Time
----------------------------------------------------------
1/1 Testing: AlgorithmsTests
1/1 Test: AlgorithmsTests
Command: "C:/Users/HAMDIRoumani/Documents/Work/Code/GIT/algorithms/build/test/AlgorithmsTests.exe"
Directory: C:/Users/HAMDIRoumani/Documents/Work/Code/GIT/algorithms/build/test
"AlgorithmsTests" start time: May 25 00:20 Eastern Daylight Time
Output:
----------------------------------------------------------
Running main() from C:\Users\HAMDIRoumani\Documents\Work\Code\GIT\algorithms\googletest\googletest\src\gtest_main.cc
[==========] Running 1 test from 1 test suite.
[----------] Global test environment set-up.
[----------] 1 test from StackTests
[ RUN      ] StackTests.SimpleStack
[       OK ] StackTests.SimpleStack (0 ms)
[----------] 1 test from StackTests (0 ms total)

[----------] Global test environment tear-down
[==========] 1 test from 1 test suite ran. (0 ms total)
[  PASSED  ] 1 test.
<end of output>
Test time =   0.06 sec
----------------------------------------------------------
Test Passed.
"AlgorithmsTests" end time: May 25 00:20 Eastern Daylight Time
"AlgorithmsTests" time elapsed: 00:00:00
----------------------------------------------------------

End testing: May 25 00:20 Eastern Daylight Time
