Start testing: May 25 10:11 Eastern Daylight Time
----------------------------------------------------------
1/1 Testing: AlgorithmsTests
1/1 Test: AlgorithmsTests
Command: "C:/Users/HAMDIRoumani/Documents/Work/Code/GIT/algorithms/build/test/AlgorithmsTests.exe"
Directory: C:/Users/HAMDIRoumani/Documents/Work/Code/GIT/algorithms/build/test
"AlgorithmsTests" start time: May 25 10:11 Eastern Daylight Time
Output:
----------------------------------------------------------
Running main() from C:\Users\HAMDIRoumani\Documents\Work\Code\GIT\algorithms\googletest\googletest\src\gtest_main.cc
[==========] Running 7 tests from 1 test suite.
[----------] Global test environment set-up.
[----------] 7 tests from StackTests
[ RUN      ] StackTests.simple
[       OK ] StackTests.simple (0 ms)
[ RUN      ] StackTests.initializationList
[       OK ] StackTests.initializationList (0 ms)
[ RUN      ] StackTests.size
[       OK ] StackTests.size (0 ms)
[ RUN      ] StackTests.empty
[       OK ] StackTests.empty (0 ms)
[ RUN      ] StackTests.peek
[       OK ] StackTests.peek (0 ms)
[ RUN      ] StackTests.popThrowOutOfRange
[       OK ] StackTests.popThrowOutOfRange (4 ms)
[ RUN      ] StackTests.peekThrowOutOfRange
[       OK ] StackTests.peekThrowOutOfRange (0 ms)
[----------] 7 tests from StackTests (4 ms total)

[----------] Global test environment tear-down
[==========] 7 tests from 1 test suite ran. (4 ms total)
[  PASSED  ] 7 tests.
<end of output>
Test time =   0.64 sec
----------------------------------------------------------
Test Passed.
"AlgorithmsTests" end time: May 25 10:11 Eastern Daylight Time
"AlgorithmsTests" time elapsed: 00:00:00
----------------------------------------------------------

End testing: May 25 10:11 Eastern Daylight Time
