<?xml version="1.0" encoding="UTF-8"?>
<Site BuildName="(empty)"
	BuildStamp="20200525-0054-Experimental"
	Name="(empty)"
	Generator="ctest-3.17.2"
	CompilerName=""
	CompilerVersion=""
	OSName="Windows"
	Hostname="DESKTOP-N3NMSAL"
	OSRelease=" Professional"
	OSVersion=" (Build 18363)"
	OSPlatform="AMD64"
	Is64Bits="1"
	VendorString="GenuineIntel"
	VendorID="Intel Corporation"
	FamilyID="6"
	ModelID="14"
	ProcessorCacheSize="-1"
	NumberOfLogicalCPU="8"
	NumberOfPhysicalCPU="4"
	TotalVirtualMemory="37431"
	TotalPhysicalMemory="32567"
	LogicalProcessorsPerPhysical="2"
	ProcessorClockFrequency="2712"
	>
	<Testing>
		<StartDateTime>May 25 10:11 Eastern Daylight Time</StartDateTime>
		<StartTestTime>1590415887</StartTestTime>
		<TestList>
			<Test>./test/AlgorithmsTests</Test>
		</TestList>
		<Test Status="passed">
			<Name>AlgorithmsTests</Name>
			<Path>./test</Path>
			<FullName>./test/AlgorithmsTests</FullName>
			<FullCommandLine>C:\Users\HAMDIRoumani\Documents\Work\Code\GIT\algorithms\build\test\AlgorithmsTests.exe</FullCommandLine>
			<Results>
				<NamedMeasurement type="numeric/double" name="Execution Time">
					<Value>0.635759</Value>
				</NamedMeasurement>
				<NamedMeasurement type="numeric/double" name="Processors">
					<Value>1</Value>
				</NamedMeasurement>
				<NamedMeasurement type="text/string" name="Completion Status">
					<Value>Completed</Value>
				</NamedMeasurement>
				<NamedMeasurement type="text/string" name="Command Line">
					<Value>C:\Users\HAMDIRoumani\Documents\Work\Code\GIT\algorithms\build\test\AlgorithmsTests.exe</Value>
				</NamedMeasurement>
				<Measurement>
					<Value encoding="base64" compression="gzip">eJyNk09rAjEQxe/7KeaoB5cWCoVCD6LFSv9YVqUHIyVd4zqYZJZktlI/fY0r4tZu1zkleS+/vIFJUliLNgMj0bbasHRkoHcnpl45Lx67L/1hQoWRFkWf0sIoy168k1uLHi2UGAwnQuqMHPLKeJERZVqx8ny69C4VWVh9hEfiNI1m98eaQ3JIcAvB48sI1/sN+AJZxdGsc6w5DDR9Sl3qyn6hIxtigVfcKfJf5gp0zDJdT8I+mkEyfYV9zU/OY48m12onlzV6+kuG1hUY366FoEVGqXErGck+o+da4Lm1Ce5x+1++bWM6ZXL+riXs1SZErtS6lhDERgDlk5Wjzajg0TKRNqtv6dwKrZvGdBfTz73H7BfMURkFmFjqdnTZnLKSrrOgja1+g9rxBydtXH1o181bdzx+6IfODxfj6Ac46TL2====</Value>
				</Measurement>
			</Results>
		</Test>
		<EndDateTime>May 25 10:11 Eastern Daylight Time</EndDateTime>
		<EndTestTime>1590415888</EndTestTime>
		<ElapsedMinutes>0</ElapsedMinutes>
	</Testing>
</Site>
